[debug] [2018-03-03T05:14:00.361Z] ----------------------------------------------------------------------
[debug] [2018-03-03T05:14:00.362Z] Command:       /usr/local/Cellar/node/9.3.0_1/bin/node /usr/local/bin/firebase deploy
[debug] [2018-03-03T05:14:00.363Z] CLI Version:   3.17.4
[debug] [2018-03-03T05:14:00.363Z] Platform:      darwin
[debug] [2018-03-03T05:14:00.363Z] Node Version:  v9.3.0
[debug] [2018-03-03T05:14:00.363Z] Time:          Sat Mar 03 2018 16:14:00 GMT+1100 (AEDT)
[debug] [2018-03-03T05:14:00.363Z] ----------------------------------------------------------------------
[debug] 
[debug] [2018-03-03T05:14:00.373Z] > command requires scopes: ["email","openid","https://www.googleapis.com/auth/cloudplatformprojects.readonly","https://www.googleapis.com/auth/firebase","https://www.googleapis.com/auth/cloud-platform"]
[debug] [2018-03-03T05:14:00.374Z] > authorizing via signed-in user
[debug] [2018-03-03T05:14:00.376Z] >>> HTTP REQUEST GET https://admin.firebase.com/v1/projects/devdonor-7989a  
  
 Sat Mar 03 2018 16:14:00 GMT+1100 (AEDT)
[debug] [2018-03-03T05:14:01.346Z] <<< HTTP RESPONSE 200
[debug] [2018-03-03T05:14:01.347Z] >>> HTTP REQUEST GET https://admin.firebase.com/v1/database/devdonor-7989a/tokens  
  
 Sat Mar 03 2018 16:14:01 GMT+1100 (AEDT)
[debug] [2018-03-03T05:14:02.164Z] <<< HTTP RESPONSE 200
[info] 
[info] === Deploying to 'devdonor-7989a'...
[info] 
[info] i  deploying storage, firestore, functions, hosting
[debug] [2018-03-03T05:14:03.364Z] >>> HTTP REQUEST GET https://appengine.googleapis.com/v1/apps/devdonor-7989a  
  
 Sat Mar 03 2018 16:14:03 GMT+1100 (AEDT)
[debug] [2018-03-03T05:14:04.830Z] <<< HTTP RESPONSE 200
[info] i  storage: checking storage.rules for compilation errors...
[debug] [2018-03-03T05:14:04.831Z] >>> HTTP REQUEST POST https://firebaserules.googleapis.com/v1/projects/devdonor-7989a:test  
 { source: { files: [ [Object] ] } } 
 Sat Mar 03 2018 16:14:04 GMT+1100 (AEDT)
[debug] [2018-03-03T05:14:06.172Z] <<< HTTP RESPONSE 200
[info] ✔  storage: rules file storage.rules compiled successfully
[info] i  firestore: checking firestore.rules for compilation errors...
[debug] [2018-03-03T05:14:06.174Z] >>> HTTP REQUEST POST https://firebaserules.googleapis.com/v1/projects/devdonor-7989a:test  
 { source: { files: [ [Object] ] } } 
 Sat Mar 03 2018 16:14:06 GMT+1100 (AEDT)
[debug] [2018-03-03T05:14:07.423Z] <<< HTTP RESPONSE 200
[info] ✔  firestore: rules file firestore.rules compiled successfully
[debug] [2018-03-03T05:14:07.425Z] > [functions] package.json contents: {
  "name": "functions",
  "license": "MIT",
  "dependencies": {
    "@google-cloud/storage": "^0.4.0",
    "child-process-promise": "^2.2.0",
    "firebase-admin": "^4.1.1",
    "firebase-functions": "^0.8.1",
    "mkdirp": "^0.5.1",
    "mkdirp-promise": "^4.0.0"
  },
  "scripts": {
    "serve": "firebase serve --only functions",
    "shell": "firebase experimental:functions:shell",
    "start": "npm run shell",
    "deploy": "firebase deploy --only functions",
    "logs": "firebase functions:log"
  }
}
[info] i  functions: ensuring necessary APIs are enabled...
[debug] [2018-03-03T05:14:07.425Z] >>> HTTP REQUEST GET https://servicemanagement.googleapis.com/v1/services/cloudfunctions.googleapis.com/projectSettings/devdonor-7989a?view=CONSUMER_VIEW  
  
 Sat Mar 03 2018 16:14:07 GMT+1100 (AEDT)
[debug] [2018-03-03T05:14:07.425Z] >>> HTTP REQUEST GET https://servicemanagement.googleapis.com/v1/services/runtimeconfig.googleapis.com/projectSettings/devdonor-7989a?view=CONSUMER_VIEW  
  
 Sat Mar 03 2018 16:14:07 GMT+1100 (AEDT)
[debug] [2018-03-03T05:14:09.268Z] <<< HTTP RESPONSE 200
[debug] [2018-03-03T05:14:09.296Z] <<< HTTP RESPONSE 200
[info] ✔  functions: all necessary APIs are enabled
[debug] [2018-03-03T05:14:09.297Z] >>> HTTP REQUEST GET https://appengine.googleapis.com/v1/apps/devdonor-7989a  
  
 Sat Mar 03 2018 16:14:09 GMT+1100 (AEDT)
[debug] [2018-03-03T05:14:09.297Z] >>> HTTP REQUEST GET https://apikeys.googleapis.com/v1/projects/devdonor-7989a/apiKeys  
  
 Sat Mar 03 2018 16:14:09 GMT+1100 (AEDT)
[debug] [2018-03-03T05:14:10.511Z] <<< HTTP RESPONSE 200
[debug] [2018-03-03T05:14:10.618Z] <<< HTTP RESPONSE 200
[info] i  storage: uploading rules storage.rules...
[debug] [2018-03-03T05:14:10.621Z] >>> HTTP REQUEST POST https://firebaserules.googleapis.com/v1/projects/devdonor-7989a/rulesets  
 { source: { files: [ [Object] ] } } 
 Sat Mar 03 2018 16:14:10 GMT+1100 (AEDT)
[debug] [2018-03-03T05:14:11.836Z] <<< HTTP RESPONSE 200
[debug] [2018-03-03T05:14:11.836Z] [rules] created ruleset projects/devdonor-7989a/rulesets/52ad38b8-75b7-4e15-a024-cdf6654aee12
[info] i  firestore: uploading rules firestore.rules...
[debug] [2018-03-03T05:14:11.837Z] >>> HTTP REQUEST POST https://firebaserules.googleapis.com/v1/projects/devdonor-7989a/rulesets  
 { source: { files: [ [Object] ] } } 
 Sat Mar 03 2018 16:14:11 GMT+1100 (AEDT)
[debug] [2018-03-03T05:14:11.837Z] >>> HTTP REQUEST GET https://firestore.googleapis.com/v1beta1/projects/devdonor-7989a/databases/(default)/indexes  
  
 Sat Mar 03 2018 16:14:11 GMT+1100 (AEDT)
[debug] [2018-03-03T05:14:13.158Z] <<< HTTP RESPONSE 200
[debug] [2018-03-03T05:14:13.158Z] [rules] created ruleset projects/devdonor-7989a/rulesets/cde6cdd5-6c9a-408c-bf44-3d2e930161a1
[debug] [2018-03-03T05:14:13.794Z] <<< HTTP RESPONSE 200
[info] i  functions: preparing functions directory for uploading...
[debug] [2018-03-03T05:14:13.795Z] >>> HTTP REQUEST GET https://runtimeconfig.googleapis.com/v1beta1/projects/devdonor-7989a/configs  
  
 Sat Mar 03 2018 16:14:13 GMT+1100 (AEDT)
[debug] [2018-03-03T05:14:14.593Z] <<< HTTP RESPONSE 200
[info] i  functions: packaged functions (35.15 KB) for uploading
[debug] [2018-03-03T05:14:15.140Z] >>> HTTP REQUEST GET https://www.googleapis.com/storage/v1/b/staging.devdonor-7989a.appspot.com  
  
 Sat Mar 03 2018 16:14:15 GMT+1100 (AEDT)
[debug] [2018-03-03T05:14:15.719Z] <<< HTTP RESPONSE 200
[debug] [2018-03-03T05:14:15.720Z] >>> HTTP REQUEST POST https://www.googleapis.com/upload/storage/v1/b/staging.devdonor-7989a.appspot.com/o?uploadType=media&name=firebase-functions-source  
 ReadStream {
  _readableState: 
   ReadableState {
     objectMode: false,
     highWaterMark: 65536,
     buffer: BufferList { head: [Object], tail: [Object], length: 1 },
     length: 35990,
     pipes: null,
     pipesCount: 0,
     flowing: null,
     ended: true,
     endEmitted: false,
     reading: false,
     sync: false,
     needReadable: false,
     emittedReadable: true,
     readableListening: false,
     resumeScheduled: false,
     destroyed: false,
     defaultEncoding: 'utf8',
     awaitDrain: 0,
     readingMore: false,
     decoder: null,
     encoding: null },
  readable: true,
  domain: null,
  _events: { end: [Function] },
  _eventsCount: 1,
  _maxListeners: undefined,
  path: '/var/folders/h6/3bj5yffd5wq7k_994zmpk28h0000gn/T/firebase-functions-69245vhmvhLq34OqA.zip',
  fd: 19,
  flags: 'r',
  mode: 438,
  start: undefined,
  end: undefined,
  autoClose: true,
  pos: undefined,
  bytesRead: 35990 } 
 Sat Mar 03 2018 16:14:15 GMT+1100 (AEDT)
[debug] [2018-03-03T05:14:16.455Z] <<< HTTP RESPONSE 200
[info] ✔  functions: functions folder uploaded successfully
[info] i  hosting: preparing dist directory for upload...
[debug] [2018-03-03T05:14:16.698Z] >>> HTTP REQUEST PUT https://deploy.firebase.com/v1/hosting/devdonor-7989a/uploads/-L6eH0v-4fOrgYmcrmr9?fileCount=11&message=  
  
 Sat Mar 03 2018 16:14:16 GMT+1100 (AEDT)
[debug] [2018-03-03T05:14:21.369Z] <<< HTTP RESPONSE 200
[debug] [2018-03-03T05:14:21.369Z] [hosting] .tgz uploaded successfully, waiting for extraction
[info] ✔  hosting: 11 files uploaded successfully
[debug] [2018-03-03T05:14:22.342Z] [rules] releasing firebase.storage/devdonor-7989a.appspot.com with ruleset projects/devdonor-7989a/rulesets/52ad38b8-75b7-4e15-a024-cdf6654aee12
[debug] [2018-03-03T05:14:22.342Z] >>> HTTP REQUEST PATCH https://firebaserules.googleapis.com/v1/projects/devdonor-7989a/releases/firebase.storage/devdonor-7989a.appspot.com  
 { release: 
   { name: 'projects/devdonor-7989a/releases/firebase.storage/devdonor-7989a.appspot.com',
     rulesetName: 'projects/devdonor-7989a/rulesets/52ad38b8-75b7-4e15-a024-cdf6654aee12' } } 
 Sat Mar 03 2018 16:14:22 GMT+1100 (AEDT)
[debug] [2018-03-03T05:14:23.603Z] <<< HTTP RESPONSE 200
[debug] [2018-03-03T05:14:23.603Z] [rules] updated release projects/devdonor-7989a/releases/firebase.storage/devdonor-7989a.appspot.com
[info] ✔  storage: released rules storage.rules to firebase.storage/devdonor-7989a.appspot.com
[debug] [2018-03-03T05:14:23.604Z] [rules] releasing cloud.firestore with ruleset projects/devdonor-7989a/rulesets/cde6cdd5-6c9a-408c-bf44-3d2e930161a1
[debug] [2018-03-03T05:14:23.604Z] >>> HTTP REQUEST PATCH https://firebaserules.googleapis.com/v1/projects/devdonor-7989a/releases/cloud.firestore  
 { release: 
   { name: 'projects/devdonor-7989a/releases/cloud.firestore',
     rulesetName: 'projects/devdonor-7989a/rulesets/cde6cdd5-6c9a-408c-bf44-3d2e930161a1' } } 
 Sat Mar 03 2018 16:14:23 GMT+1100 (AEDT)
[debug] [2018-03-03T05:14:25.037Z] <<< HTTP RESPONSE 200
[debug] [2018-03-03T05:14:25.037Z] [rules] updated release projects/devdonor-7989a/releases/cloud.firestore
[info] ✔  firestore: released rules firestore.rules to cloud.firestore
[debug] [2018-03-03T05:14:25.038Z] >>> HTTP REQUEST GET https://cloudfunctions.googleapis.com/v1/projects/devdonor-7989a/locations/us-central1/functions  
  
 Sat Mar 03 2018 16:14:25 GMT+1100 (AEDT)
[debug] [2018-03-03T05:14:26.273Z] <<< HTTP RESPONSE 200
[info] i  functions: creating function generateThumbnail-generateThumbnail...
[debug] [2018-03-03T05:14:26.274Z] Trigger is:  {"eventTrigger":{"resource":"projects/_/buckets/devdonor-7989a.appspot.com","eventType":"providers/cloud.storage/eventTypes/object.change"}}
[info] i  functions: deleting function generateThumbnail...
[debug] [2018-03-03T05:14:26.276Z] >>> HTTP REQUEST POST https://cloudfunctions.googleapis.com/v1/projects/devdonor-7989a/locations/us-central1/functions  
 { sourceArchiveUrl: 'gs://staging.devdonor-7989a.appspot.com/firebase-functions-source',
  name: 'projects/devdonor-7989a/locations/us-central1/functions/generateThumbnail-generateThumbnail',
  entryPoint: 'generateThumbnail.generateThumbnail',
  labels: { 'deployment-tool': 'cli-firebase' },
  eventTrigger: 
   { resource: 'projects/_/buckets/devdonor-7989a.appspot.com',
     eventType: 'providers/cloud.storage/eventTypes/object.change' } } 
 Sat Mar 03 2018 16:14:26 GMT+1100 (AEDT)
[debug] [2018-03-03T05:14:26.276Z] >>> HTTP REQUEST DELETE https://cloudfunctions.googleapis.com/v1/projects/devdonor-7989a/locations/us-central1/functions/generateThumbnail  
  
 Sat Mar 03 2018 16:14:26 GMT+1100 (AEDT)
[debug] [2018-03-03T05:14:26.880Z] <<< HTTP RESPONSE 200
[debug] [2018-03-03T05:14:27.737Z] <<< HTTP RESPONSE 200
[debug] [2018-03-03T05:14:27.738Z] >>> HTTP REQUEST GET https://cloudfunctions.googleapis.com/v1/operations/ZGV2ZG9ub3ItNzk4OWEvdXMtY2VudHJhbDEvZ2VuZXJhdGVUaHVtYm5haWwtZ2VuZXJhdGVUaHVtYm5haWwvVUkwNjdUM2pqNGM  
  
 Sat Mar 03 2018 16:14:27 GMT+1100 (AEDT)
[debug] [2018-03-03T05:14:27.739Z] >>> HTTP REQUEST GET https://cloudfunctions.googleapis.com/v1/operations/ZGV2ZG9ub3ItNzk4OWEvdXMtY2VudHJhbDEvZ2VuZXJhdGVUaHVtYm5haWwvalpSdmVOckdLQjA  
  
 Sat Mar 03 2018 16:14:27 GMT+1100 (AEDT)
[debug] [2018-03-03T05:14:28.199Z] <<< HTTP RESPONSE 200
[debug] [2018-03-03T05:14:28.407Z] <<< HTTP RESPONSE 200
[debug] [2018-03-03T05:14:30.202Z] >>> HTTP REQUEST GET https://cloudfunctions.googleapis.com/v1/operations/ZGV2ZG9ub3ItNzk4OWEvdXMtY2VudHJhbDEvZ2VuZXJhdGVUaHVtYm5haWwvalpSdmVOckdLQjA  
  
 Sat Mar 03 2018 16:14:30 GMT+1100 (AEDT)
[debug] [2018-03-03T05:14:30.407Z] >>> HTTP REQUEST GET https://cloudfunctions.googleapis.com/v1/operations/ZGV2ZG9ub3ItNzk4OWEvdXMtY2VudHJhbDEvZ2VuZXJhdGVUaHVtYm5haWwtZ2VuZXJhdGVUaHVtYm5haWwvVUkwNjdUM2pqNGM  
  
 Sat Mar 03 2018 16:14:30 GMT+1100 (AEDT)
[debug] [2018-03-03T05:14:30.672Z] <<< HTTP RESPONSE 200
[debug] [2018-03-03T05:14:31.180Z] <<< HTTP RESPONSE 200
[debug] [2018-03-03T05:14:32.673Z] >>> HTTP REQUEST GET https://cloudfunctions.googleapis.com/v1/operations/ZGV2ZG9ub3ItNzk4OWEvdXMtY2VudHJhbDEvZ2VuZXJhdGVUaHVtYm5haWwvalpSdmVOckdLQjA  
  
 Sat Mar 03 2018 16:14:32 GMT+1100 (AEDT)
[debug] [2018-03-03T05:14:33.180Z] >>> HTTP REQUEST GET https://cloudfunctions.googleapis.com/v1/operations/ZGV2ZG9ub3ItNzk4OWEvdXMtY2VudHJhbDEvZ2VuZXJhdGVUaHVtYm5haWwtZ2VuZXJhdGVUaHVtYm5haWwvVUkwNjdUM2pqNGM  
  
 Sat Mar 03 2018 16:14:33 GMT+1100 (AEDT)
[debug] [2018-03-03T05:14:33.186Z] <<< HTTP RESPONSE 200
[info] ✔  functions[generateThumbnail]: Successful delete operation. 
[debug] [2018-03-03T05:14:33.605Z] <<< HTTP RESPONSE 200
[debug] [2018-03-03T05:14:35.606Z] >>> HTTP REQUEST GET https://cloudfunctions.googleapis.com/v1/operations/ZGV2ZG9ub3ItNzk4OWEvdXMtY2VudHJhbDEvZ2VuZXJhdGVUaHVtYm5haWwtZ2VuZXJhdGVUaHVtYm5haWwvVUkwNjdUM2pqNGM  
  
 Sat Mar 03 2018 16:14:35 GMT+1100 (AEDT)
[debug] [2018-03-03T05:14:36.039Z] <<< HTTP RESPONSE 200
[debug] [2018-03-03T05:14:38.039Z] >>> HTTP REQUEST GET https://cloudfunctions.googleapis.com/v1/operations/ZGV2ZG9ub3ItNzk4OWEvdXMtY2VudHJhbDEvZ2VuZXJhdGVUaHVtYm5haWwtZ2VuZXJhdGVUaHVtYm5haWwvVUkwNjdUM2pqNGM  
  
 Sat Mar 03 2018 16:14:38 GMT+1100 (AEDT)
[debug] [2018-03-03T05:14:38.474Z] <<< HTTP RESPONSE 200
[debug] [2018-03-03T05:14:40.474Z] >>> HTTP REQUEST GET https://cloudfunctions.googleapis.com/v1/operations/ZGV2ZG9ub3ItNzk4OWEvdXMtY2VudHJhbDEvZ2VuZXJhdGVUaHVtYm5haWwtZ2VuZXJhdGVUaHVtYm5haWwvVUkwNjdUM2pqNGM  
  
 Sat Mar 03 2018 16:14:40 GMT+1100 (AEDT)
[debug] [2018-03-03T05:14:41.011Z] <<< HTTP RESPONSE 200
[debug] [2018-03-03T05:14:45.792Z] ----------------------------------------------------------------------
[debug] [2018-03-03T05:14:45.794Z] Command:       /usr/local/Cellar/node/9.3.0_1/bin/node /usr/local/bin/firebase deploy
[debug] [2018-03-03T05:14:45.795Z] CLI Version:   3.17.4
[debug] [2018-03-03T05:14:45.795Z] Platform:      darwin
[debug] [2018-03-03T05:14:45.795Z] Node Version:  v9.3.0
[debug] [2018-03-03T05:14:45.795Z] Time:          Sat Mar 03 2018 16:14:45 GMT+1100 (AEDT)
[debug] [2018-03-03T05:14:45.795Z] ----------------------------------------------------------------------
[debug] 
[debug] [2018-03-03T05:14:45.806Z] > command requires scopes: ["email","openid","https://www.googleapis.com/auth/cloudplatformprojects.readonly","https://www.googleapis.com/auth/firebase","https://www.googleapis.com/auth/cloud-platform"]
[debug] [2018-03-03T05:14:45.806Z] > authorizing via signed-in user
[debug] [2018-03-03T05:14:45.808Z] >>> HTTP REQUEST GET https://admin.firebase.com/v1/projects/devdonor-7989a  
  
 Sat Mar 03 2018 16:14:45 GMT+1100 (AEDT)
